c:\users\hp\source\repos\sicxeassembler\sicxeassembler\debug\vc142.pdb
c:\users\hp\source\repos\sicxeassembler\sicxeassembler\debug\vc142.idb
c:\users\hp\source\repos\sicxeassembler\sicxeassembler\debug\format2.obj
c:\users\hp\source\repos\sicxeassembler\sicxeassembler\debug\format3.obj
c:\users\hp\source\repos\sicxeassembler\sicxeassembler\debug\sicxeassembler.obj
c:\users\hp\source\repos\sicxeassembler\sicxeassembler\debug\format4.obj
c:\users\hp\source\repos\sicxeassembler\sicxeassembler\debug\data.obj
c:\users\hp\source\repos\sicxeassembler\sicxeassembler\debug\statictables.obj
c:\users\hp\source\repos\sicxeassembler\sicxeassembler\debug\legalflagscombinations.obj
c:\users\hp\source\repos\sicxeassembler\sicxeassembler\debug\format.obj
c:\users\hp\source\repos\sicxeassembler\sicxeassembler\debug\findopcode.obj
c:\users\hp\source\repos\sicxeassembler\sicxeassembler\debug\formatchecker.obj
c:\users\hp\source\repos\sicxeassembler\sicxeassembler\debug\findflags.obj
c:\users\hp\source\repos\sicxeassembler\sicxeassembler\debug\tohexa.obj
c:\users\hp\source\repos\sicxeassembler\sicxeassembler\debug\calculatedisplacement.obj
c:\users\hp\source\repos\sicxeassembler\sicxeassembler\debug\transitions.obj
c:\users\hp\source\repos\sicxeassembler\debug\sicxeassembler.exe
c:\users\hp\source\repos\sicxeassembler\debug\sicxeassembler.ilk
c:\users\hp\source\repos\sicxeassembler\debug\sicxeassembler.pdb
c:\users\hp\source\repos\sicxeassembler\sicxeassembler\debug\sicxeassembler.tlog\cl.command.1.tlog
c:\users\hp\source\repos\sicxeassembler\sicxeassembler\debug\sicxeassembler.tlog\cl.read.1.tlog
c:\users\hp\source\repos\sicxeassembler\sicxeassembler\debug\sicxeassembler.tlog\cl.write.1.tlog
c:\users\hp\source\repos\sicxeassembler\sicxeassembler\debug\sicxeassembler.tlog\link.command.1.tlog
c:\users\hp\source\repos\sicxeassembler\sicxeassembler\debug\sicxeassembler.tlog\link.read.1.tlog
c:\users\hp\source\repos\sicxeassembler\sicxeassembler\debug\sicxeassembler.tlog\link.write.1.tlog
